Determining if the pthread_create exist failed with the following output:
Change Dir: /home/holmes/ros_ws/EngCom/src/ros_serial/build/CMakeFiles/CMakeTmp

Run Build Command:"/usr/bin/make" "cmTC_aa4a5/fast"
/usr/bin/make -f CMakeFiles/cmTC_aa4a5.dir/build.make CMakeFiles/cmTC_aa4a5.dir/build
make[1]: Entering directory '/home/holmes/ros_ws/EngCom/src/ros_serial/build/CMakeFiles/CMakeTmp'
Building C object CMakeFiles/cmTC_aa4a5.dir/CheckSymbolExists.c.o
/usr/bin/gcc-7    -o CMakeFiles/cmTC_aa4a5.dir/CheckSymbolExists.c.o   -c /home/holmes/ros_ws/EngCom/src/ros_serial/build/CMakeFiles/CMakeTmp/CheckSymbolExists.c
Linking C executable cmTC_aa4a5
/usr/bin/cmake -E cmake_link_script CMakeFiles/cmTC_aa4a5.dir/link.txt --verbose=1
/usr/bin/gcc-7      -rdynamic CMakeFiles/cmTC_aa4a5.dir/CheckSymbolExists.c.o  -o cmTC_aa4a5 
CMakeFiles/cmTC_aa4a5.dir/CheckSymbolExists.c.o: In function `main':
CheckSymbolExists.c:(.text+0x1b): undefined reference to `pthread_create'
collect2: error: ld returned 1 exit status
CMakeFiles/cmTC_aa4a5.dir/build.make:97: recipe for target 'cmTC_aa4a5' failed
make[1]: *** [cmTC_aa4a5] Error 1
make[1]: Leaving directory '/home/holmes/ros_ws/EngCom/src/ros_serial/build/CMakeFiles/CMakeTmp'
Makefile:126: recipe for target 'cmTC_aa4a5/fast' failed
make: *** [cmTC_aa4a5/fast] Error 2

File /home/holmes/ros_ws/EngCom/src/ros_serial/build/CMakeFiles/CMakeTmp/CheckSymbolExists.c:
/* */
#include <pthread.h>

int main(int argc, char** argv)
{
  (void)argv;
#ifndef pthread_create
  return ((int*)(&pthread_create))[argc];
#else
  (void)argc;
  return 0;
#endif
}

Determining if the function pthread_create exists in the pthreads failed with the following output:
Change Dir: /home/holmes/ros_ws/EngCom/src/ros_serial/build/CMakeFiles/CMakeTmp

Run Build Command:"/usr/bin/make" "cmTC_22fbc/fast"
/usr/bin/make -f CMakeFiles/cmTC_22fbc.dir/build.make CMakeFiles/cmTC_22fbc.dir/build
make[1]: Entering directory '/home/holmes/ros_ws/EngCom/src/ros_serial/build/CMakeFiles/CMakeTmp'
Building C object CMakeFiles/cmTC_22fbc.dir/CheckFunctionExists.c.o
/usr/bin/gcc-7   -DCHECK_FUNCTION_EXISTS=pthread_create   -o CMakeFiles/cmTC_22fbc.dir/CheckFunctionExists.c.o   -c /usr/share/cmake-3.10/Modules/CheckFunctionExists.c
Linking C executable cmTC_22fbc
/usr/bin/cmake -E cmake_link_script CMakeFiles/cmTC_22fbc.dir/link.txt --verbose=1
/usr/bin/gcc-7  -DCHECK_FUNCTION_EXISTS=pthread_create    -rdynamic CMakeFiles/cmTC_22fbc.dir/CheckFunctionExists.c.o  -o cmTC_22fbc -lpthreads 
/usr/bin/ld: cannot find -lpthreads
collect2: error: ld returned 1 exit status
CMakeFiles/cmTC_22fbc.dir/build.make:97: recipe for target 'cmTC_22fbc' failed
make[1]: *** [cmTC_22fbc] Error 1
make[1]: Leaving directory '/home/holmes/ros_ws/EngCom/src/ros_serial/build/CMakeFiles/CMakeTmp'
Makefile:126: recipe for target 'cmTC_22fbc/fast' failed
make: *** [cmTC_22fbc/fast] Error 2


